2021-10-28 09:31:42,254 DEBUG scheduler Queued events for site site1.local
2021-10-28 09:32:42,529 DEBUG scheduler Queued events for site site1.local
2021-10-28 09:33:42,894 DEBUG scheduler Queued events for site site1.local
2021-10-28 09:34:43,184 INFO scheduler Scheduled Job Start: erpnext.crm.doctype.social_media_post.social_media_post.process_scheduled_social_media_posts for site1.local
2021-10-28 09:34:43,240 DEBUG scheduler Queued events for site site1.local
2021-10-28 09:34:43,393 INFO scheduler Scheduled Job Complete: erpnext.crm.doctype.social_media_post.social_media_post.process_scheduled_social_media_posts for site1.local
2021-10-28 09:34:43,489 INFO scheduler Scheduled Job Start: erpnext.healthcare.doctype.patient_appointment.patient_appointment.send_appointment_reminder for site1.local
2021-10-28 09:34:43,598 INFO scheduler Scheduled Job Complete: erpnext.healthcare.doctype.patient_appointment.patient_appointment.send_appointment_reminder for site1.local
2021-10-28 09:34:43,679 INFO scheduler Scheduled Job Start: erpnext.projects.doctype.project.project.project_status_update_reminder for site1.local
2021-10-28 09:34:43,961 INFO scheduler Scheduled Job Complete: erpnext.projects.doctype.project.project.project_status_update_reminder for site1.local
2021-10-28 09:34:44,057 INFO scheduler Scheduled Job Start: frappe.monitor.flush for site1.local
2021-10-28 09:34:44,143 INFO scheduler Scheduled Job Complete: frappe.monitor.flush for site1.local
2021-10-28 09:34:44,242 INFO scheduler Scheduled Job Start: frappe.utils.global_search.sync_global_search for site1.local
2021-10-28 09:34:44,338 INFO scheduler Scheduled Job Complete: frappe.utils.global_search.sync_global_search for site1.local
2021-10-28 09:34:44,462 INFO scheduler Scheduled Job Start: frappe.integrations.doctype.razorpay_settings.razorpay_settings.capture_payment for site1.local
2021-10-28 09:34:44,812 INFO scheduler Scheduled Job Complete: frappe.integrations.doctype.razorpay_settings.razorpay_settings.capture_payment for site1.local
2021-10-28 09:34:44,921 INFO scheduler Scheduled Job Start: frappe.email.doctype.email_account.email_account.notify_unreplied for site1.local
2021-10-28 09:34:45,243 INFO scheduler Scheduled Job Complete: frappe.email.doctype.email_account.email_account.notify_unreplied for site1.local
2021-10-28 09:34:45,355 INFO scheduler Scheduled Job Start: frappe.email.doctype.email_account.email_account.pull for site1.local
2021-10-28 09:34:45,661 INFO scheduler Scheduled Job Complete: frappe.email.doctype.email_account.email_account.pull for site1.local
2021-10-28 09:34:45,776 INFO scheduler Scheduled Job Start: frappe.email.queue.flush for site1.local
2021-10-28 09:34:45,978 INFO scheduler Scheduled Job Complete: frappe.email.queue.flush for site1.local
2021-10-28 09:35:43,475 DEBUG scheduler Queued events for site site1.local
2021-10-28 09:36:43,764 DEBUG scheduler Queued events for site site1.local
2021-10-28 09:37:44,032 DEBUG scheduler Queued events for site site1.local
2021-10-28 09:38:44,375 INFO scheduler Scheduled Job Start: erpnext.crm.doctype.social_media_post.social_media_post.process_scheduled_social_media_posts for site1.local
2021-10-28 09:38:44,610 DEBUG scheduler Queued events for site site1.local
2021-10-28 09:38:44,666 INFO scheduler Scheduled Job Complete: erpnext.crm.doctype.social_media_post.social_media_post.process_scheduled_social_media_posts for site1.local
2021-10-28 09:38:44,759 INFO scheduler Scheduled Job Start: erpnext.healthcare.doctype.patient_appointment.patient_appointment.send_appointment_reminder for site1.local
2021-10-28 09:38:44,881 INFO scheduler Scheduled Job Complete: erpnext.healthcare.doctype.patient_appointment.patient_appointment.send_appointment_reminder for site1.local
2021-10-28 09:38:44,985 INFO scheduler Scheduled Job Start: erpnext.projects.doctype.project.project.project_status_update_reminder for site1.local
2021-10-28 09:38:45,327 INFO scheduler Scheduled Job Complete: erpnext.projects.doctype.project.project.project_status_update_reminder for site1.local
2021-10-28 09:38:45,438 INFO scheduler Scheduled Job Start: frappe.monitor.flush for site1.local
2021-10-28 09:38:45,543 INFO scheduler Scheduled Job Complete: frappe.monitor.flush for site1.local
2021-10-28 09:38:45,638 INFO scheduler Scheduled Job Start: frappe.utils.global_search.sync_global_search for site1.local
2021-10-28 09:38:45,726 INFO scheduler Scheduled Job Complete: frappe.utils.global_search.sync_global_search for site1.local
2021-10-28 09:38:45,828 INFO scheduler Scheduled Job Start: frappe.integrations.doctype.razorpay_settings.razorpay_settings.capture_payment for site1.local
2021-10-28 09:38:46,162 INFO scheduler Scheduled Job Complete: frappe.integrations.doctype.razorpay_settings.razorpay_settings.capture_payment for site1.local
2021-10-28 09:38:46,253 INFO scheduler Scheduled Job Start: frappe.email.doctype.email_account.email_account.notify_unreplied for site1.local
2021-10-28 09:38:46,485 INFO scheduler Scheduled Job Complete: frappe.email.doctype.email_account.email_account.notify_unreplied for site1.local
2021-10-28 09:38:46,595 INFO scheduler Scheduled Job Start: frappe.email.doctype.email_account.email_account.pull for site1.local
2021-10-28 09:38:46,839 INFO scheduler Scheduled Job Complete: frappe.email.doctype.email_account.email_account.pull for site1.local
2021-10-28 09:38:46,953 INFO scheduler Scheduled Job Start: frappe.email.queue.flush for site1.local
2021-10-28 09:38:47,137 INFO scheduler Scheduled Job Complete: frappe.email.queue.flush for site1.local
2021-10-28 09:39:44,869 DEBUG scheduler Queued events for site site1.local
2021-10-28 09:40:45,117 DEBUG scheduler Queued events for site site1.local
2021-10-28 09:41:45,414 DEBUG scheduler Queued events for site site1.local
2021-10-28 09:42:45,713 INFO scheduler Scheduled Job Start: erpnext.crm.doctype.social_media_post.social_media_post.process_scheduled_social_media_posts for site1.local
2021-10-28 09:42:45,732 DEBUG scheduler Queued events for site site1.local
2021-10-28 09:42:45,920 INFO scheduler Scheduled Job Complete: erpnext.crm.doctype.social_media_post.social_media_post.process_scheduled_social_media_posts for site1.local
2021-10-28 09:42:46,016 INFO scheduler Scheduled Job Start: erpnext.healthcare.doctype.patient_appointment.patient_appointment.send_appointment_reminder for site1.local
2021-10-28 09:42:46,118 INFO scheduler Scheduled Job Complete: erpnext.healthcare.doctype.patient_appointment.patient_appointment.send_appointment_reminder for site1.local
2021-10-28 09:42:46,218 INFO scheduler Scheduled Job Start: erpnext.projects.doctype.project.project.project_status_update_reminder for site1.local
2021-10-28 09:42:46,530 INFO scheduler Scheduled Job Complete: erpnext.projects.doctype.project.project.project_status_update_reminder for site1.local
2021-10-28 09:42:46,623 INFO scheduler Scheduled Job Start: frappe.monitor.flush for site1.local
2021-10-28 09:42:46,722 INFO scheduler Scheduled Job Complete: frappe.monitor.flush for site1.local
2021-10-28 09:42:46,820 INFO scheduler Scheduled Job Start: frappe.utils.global_search.sync_global_search for site1.local
2021-10-28 09:42:46,924 INFO scheduler Scheduled Job Complete: frappe.utils.global_search.sync_global_search for site1.local
2021-10-28 09:42:47,019 INFO scheduler Scheduled Job Start: frappe.integrations.doctype.razorpay_settings.razorpay_settings.capture_payment for site1.local
2021-10-28 09:42:47,318 INFO scheduler Scheduled Job Complete: frappe.integrations.doctype.razorpay_settings.razorpay_settings.capture_payment for site1.local
2021-10-28 09:42:47,411 INFO scheduler Scheduled Job Start: frappe.email.doctype.email_account.email_account.notify_unreplied for site1.local
2021-10-28 09:42:47,635 INFO scheduler Scheduled Job Complete: frappe.email.doctype.email_account.email_account.notify_unreplied for site1.local
2021-10-28 09:42:47,721 INFO scheduler Scheduled Job Start: frappe.email.doctype.email_account.email_account.pull for site1.local
2021-10-28 09:42:47,962 INFO scheduler Scheduled Job Complete: frappe.email.doctype.email_account.email_account.pull for site1.local
2021-10-28 09:42:48,048 INFO scheduler Scheduled Job Start: frappe.email.queue.flush for site1.local
2021-10-28 09:42:48,238 INFO scheduler Scheduled Job Complete: frappe.email.queue.flush for site1.local
2021-10-28 09:43:46,043 DEBUG scheduler Queued events for site site1.local
2021-10-28 09:44:46,330 DEBUG scheduler Queued events for site site1.local
2021-10-28 09:45:46,674 DEBUG scheduler Queued events for site site1.local
2021-10-28 09:45:46,789 INFO scheduler Scheduled Job Start: frappe.twofactor.delete_all_barcodes_for_users for site1.local
2021-10-28 09:45:47,192 INFO scheduler Scheduled Job Complete: frappe.twofactor.delete_all_barcodes_for_users for site1.local
2021-10-28 09:45:47,287 INFO scheduler Scheduled Job Start: frappe.website.doctype.web_page.web_page.check_publish_status for site1.local
2021-10-28 09:45:47,635 INFO scheduler Scheduled Job Complete: frappe.website.doctype.web_page.web_page.check_publish_status for site1.local
2021-10-28 09:45:47,761 INFO scheduler Scheduled Job Start: frappe.oauth.delete_oauth2_data for site1.local
2021-10-28 09:45:48,106 INFO scheduler Scheduled Job Complete: frappe.oauth.delete_oauth2_data for site1.local
2021-10-28 09:46:47,081 DEBUG scheduler Queued events for site site1.local
2021-10-28 09:46:47,107 INFO scheduler Scheduled Job Start: erpnext.crm.doctype.social_media_post.social_media_post.process_scheduled_social_media_posts for site1.local
2021-10-28 09:46:47,331 INFO scheduler Scheduled Job Complete: erpnext.crm.doctype.social_media_post.social_media_post.process_scheduled_social_media_posts for site1.local
2021-10-28 09:46:47,428 INFO scheduler Scheduled Job Start: erpnext.healthcare.doctype.patient_appointment.patient_appointment.send_appointment_reminder for site1.local
2021-10-28 09:46:47,527 INFO scheduler Scheduled Job Complete: erpnext.healthcare.doctype.patient_appointment.patient_appointment.send_appointment_reminder for site1.local
2021-10-28 09:46:47,627 INFO scheduler Scheduled Job Start: erpnext.projects.doctype.project.project.project_status_update_reminder for site1.local
2021-10-28 09:46:47,931 INFO scheduler Scheduled Job Complete: erpnext.projects.doctype.project.project.project_status_update_reminder for site1.local
2021-10-28 09:46:48,021 INFO scheduler Scheduled Job Start: frappe.monitor.flush for site1.local
2021-10-28 09:46:48,113 INFO scheduler Scheduled Job Complete: frappe.monitor.flush for site1.local
2021-10-28 09:46:48,212 INFO scheduler Scheduled Job Start: frappe.utils.global_search.sync_global_search for site1.local
2021-10-28 09:46:48,306 INFO scheduler Scheduled Job Complete: frappe.utils.global_search.sync_global_search for site1.local
2021-10-28 09:46:48,396 INFO scheduler Scheduled Job Start: frappe.integrations.doctype.razorpay_settings.razorpay_settings.capture_payment for site1.local
2021-10-28 09:46:48,773 INFO scheduler Scheduled Job Complete: frappe.integrations.doctype.razorpay_settings.razorpay_settings.capture_payment for site1.local
2021-10-28 09:46:48,896 INFO scheduler Scheduled Job Start: frappe.email.doctype.email_account.email_account.notify_unreplied for site1.local
2021-10-28 09:46:49,125 INFO scheduler Scheduled Job Complete: frappe.email.doctype.email_account.email_account.notify_unreplied for site1.local
2021-10-28 09:46:49,214 INFO scheduler Scheduled Job Start: frappe.email.doctype.email_account.email_account.pull for site1.local
2021-10-28 09:46:49,468 INFO scheduler Scheduled Job Complete: frappe.email.doctype.email_account.email_account.pull for site1.local
2021-10-28 09:46:49,572 INFO scheduler Scheduled Job Start: frappe.email.queue.flush for site1.local
2021-10-28 09:46:49,773 INFO scheduler Scheduled Job Complete: frappe.email.queue.flush for site1.local
2021-10-28 09:47:47,332 DEBUG scheduler Queued events for site site1.local
2021-10-28 09:48:47,681 DEBUG scheduler Queued events for site site1.local
2021-10-28 09:49:47,965 DEBUG scheduler Queued events for site site1.local
2021-10-28 09:50:48,249 INFO scheduler Scheduled Job Start: erpnext.crm.doctype.social_media_post.social_media_post.process_scheduled_social_media_posts for site1.local
2021-10-28 09:50:48,277 DEBUG scheduler Queued events for site site1.local
2021-10-28 09:50:48,441 INFO scheduler Scheduled Job Complete: erpnext.crm.doctype.social_media_post.social_media_post.process_scheduled_social_media_posts for site1.local
2021-10-28 09:50:48,546 INFO scheduler Scheduled Job Start: erpnext.healthcare.doctype.patient_appointment.patient_appointment.send_appointment_reminder for site1.local
2021-10-28 09:50:48,661 INFO scheduler Scheduled Job Complete: erpnext.healthcare.doctype.patient_appointment.patient_appointment.send_appointment_reminder for site1.local
2021-10-28 09:50:48,766 INFO scheduler Scheduled Job Start: erpnext.projects.doctype.project.project.project_status_update_reminder for site1.local
2021-10-28 09:50:49,046 INFO scheduler Scheduled Job Complete: erpnext.projects.doctype.project.project.project_status_update_reminder for site1.local
2021-10-28 09:50:49,141 INFO scheduler Scheduled Job Start: frappe.monitor.flush for site1.local
2021-10-28 09:50:49,239 INFO scheduler Scheduled Job Complete: frappe.monitor.flush for site1.local
2021-10-28 09:50:49,329 INFO scheduler Scheduled Job Start: frappe.utils.global_search.sync_global_search for site1.local
2021-10-28 09:50:49,421 INFO scheduler Scheduled Job Complete: frappe.utils.global_search.sync_global_search for site1.local
2021-10-28 09:50:49,508 INFO scheduler Scheduled Job Start: frappe.integrations.doctype.razorpay_settings.razorpay_settings.capture_payment for site1.local
2021-10-28 09:50:49,810 INFO scheduler Scheduled Job Complete: frappe.integrations.doctype.razorpay_settings.razorpay_settings.capture_payment for site1.local
2021-10-28 09:50:49,889 INFO scheduler Scheduled Job Start: frappe.email.doctype.email_account.email_account.notify_unreplied for site1.local
2021-10-28 09:50:50,108 INFO scheduler Scheduled Job Complete: frappe.email.doctype.email_account.email_account.notify_unreplied for site1.local
2021-10-28 09:50:50,200 INFO scheduler Scheduled Job Start: frappe.email.doctype.email_account.email_account.pull for site1.local
2021-10-28 09:50:50,442 INFO scheduler Scheduled Job Complete: frappe.email.doctype.email_account.email_account.pull for site1.local
2021-10-28 09:50:50,530 INFO scheduler Scheduled Job Start: frappe.email.queue.flush for site1.local
2021-10-28 09:50:50,694 INFO scheduler Scheduled Job Complete: frappe.email.queue.flush for site1.local
2021-10-28 09:51:48,547 DEBUG scheduler Queued events for site site1.local
2021-10-28 09:52:48,823 DEBUG scheduler Queued events for site site1.local
2021-10-28 09:53:49,156 DEBUG scheduler Queued events for site site1.local
2021-10-28 09:54:49,489 INFO scheduler Scheduled Job Start: erpnext.crm.doctype.social_media_post.social_media_post.process_scheduled_social_media_posts for site1.local
2021-10-28 09:54:49,533 DEBUG scheduler Queued events for site site1.local
2021-10-28 09:54:49,727 INFO scheduler Scheduled Job Complete: erpnext.crm.doctype.social_media_post.social_media_post.process_scheduled_social_media_posts for site1.local
2021-10-28 09:54:49,833 INFO scheduler Scheduled Job Start: erpnext.healthcare.doctype.patient_appointment.patient_appointment.send_appointment_reminder for site1.local
2021-10-28 09:54:49,944 INFO scheduler Scheduled Job Complete: erpnext.healthcare.doctype.patient_appointment.patient_appointment.send_appointment_reminder for site1.local
2021-10-28 09:54:50,055 INFO scheduler Scheduled Job Start: erpnext.projects.doctype.project.project.project_status_update_reminder for site1.local
2021-10-28 09:54:50,372 INFO scheduler Scheduled Job Complete: erpnext.projects.doctype.project.project.project_status_update_reminder for site1.local
2021-10-28 09:54:50,478 INFO scheduler Scheduled Job Start: frappe.monitor.flush for site1.local
2021-10-28 09:54:50,576 INFO scheduler Scheduled Job Complete: frappe.monitor.flush for site1.local
2021-10-28 09:54:50,654 INFO scheduler Scheduled Job Start: frappe.utils.global_search.sync_global_search for site1.local
2021-10-28 09:54:50,749 INFO scheduler Scheduled Job Complete: frappe.utils.global_search.sync_global_search for site1.local
2021-10-28 09:54:50,889 INFO scheduler Scheduled Job Start: frappe.integrations.doctype.razorpay_settings.razorpay_settings.capture_payment for site1.local
2021-10-28 09:54:51,247 INFO scheduler Scheduled Job Complete: frappe.integrations.doctype.razorpay_settings.razorpay_settings.capture_payment for site1.local
2021-10-28 09:54:51,357 INFO scheduler Scheduled Job Start: frappe.email.doctype.email_account.email_account.notify_unreplied for site1.local
2021-10-28 09:54:51,632 INFO scheduler Scheduled Job Complete: frappe.email.doctype.email_account.email_account.notify_unreplied for site1.local
2021-10-28 09:54:51,729 INFO scheduler Scheduled Job Start: frappe.email.doctype.email_account.email_account.pull for site1.local
2021-10-28 09:54:51,981 INFO scheduler Scheduled Job Complete: frappe.email.doctype.email_account.email_account.pull for site1.local
2021-10-28 09:54:52,070 INFO scheduler Scheduled Job Start: frappe.email.queue.flush for site1.local
2021-10-28 09:54:52,260 INFO scheduler Scheduled Job Complete: frappe.email.queue.flush for site1.local
2021-10-28 09:55:49,810 DEBUG scheduler Queued events for site site1.local
2021-10-28 09:56:50,151 DEBUG scheduler Queued events for site site1.local
2021-10-28 09:57:50,415 DEBUG scheduler Queued events for site site1.local
2021-10-28 09:58:50,764 DEBUG scheduler Queued events for site site1.local
2021-10-28 09:58:50,837 INFO scheduler Scheduled Job Start: erpnext.crm.doctype.social_media_post.social_media_post.process_scheduled_social_media_posts for site1.local
2021-10-28 09:58:51,352 INFO scheduler Scheduled Job Complete: erpnext.crm.doctype.social_media_post.social_media_post.process_scheduled_social_media_posts for site1.local
2021-10-28 09:58:51,451 INFO scheduler Scheduled Job Start: erpnext.healthcare.doctype.patient_appointment.patient_appointment.send_appointment_reminder for site1.local
2021-10-28 09:58:51,610 INFO scheduler Scheduled Job Complete: erpnext.healthcare.doctype.patient_appointment.patient_appointment.send_appointment_reminder for site1.local
2021-10-28 09:58:51,705 INFO scheduler Scheduled Job Start: erpnext.projects.doctype.project.project.project_status_update_reminder for site1.local
2021-10-28 09:58:52,165 INFO scheduler Scheduled Job Complete: erpnext.projects.doctype.project.project.project_status_update_reminder for site1.local
2021-10-28 09:58:52,252 INFO scheduler Scheduled Job Start: frappe.monitor.flush for site1.local
2021-10-28 09:58:52,345 INFO scheduler Scheduled Job Complete: frappe.monitor.flush for site1.local
2021-10-28 09:58:52,434 INFO scheduler Scheduled Job Start: frappe.utils.global_search.sync_global_search for site1.local
2021-10-28 09:58:52,532 INFO scheduler Scheduled Job Complete: frappe.utils.global_search.sync_global_search for site1.local
2021-10-28 09:58:52,628 INFO scheduler Scheduled Job Start: frappe.integrations.doctype.razorpay_settings.razorpay_settings.capture_payment for site1.local
2021-10-28 09:58:53,048 INFO scheduler Scheduled Job Complete: frappe.integrations.doctype.razorpay_settings.razorpay_settings.capture_payment for site1.local
2021-10-28 09:58:53,179 INFO scheduler Scheduled Job Start: frappe.email.doctype.email_account.email_account.notify_unreplied for site1.local
2021-10-28 09:58:53,467 INFO scheduler Scheduled Job Complete: frappe.email.doctype.email_account.email_account.notify_unreplied for site1.local
2021-10-28 09:58:53,604 INFO scheduler Scheduled Job Start: frappe.email.doctype.email_account.email_account.pull for site1.local
2021-10-28 09:58:53,904 INFO scheduler Scheduled Job Complete: frappe.email.doctype.email_account.email_account.pull for site1.local
2021-10-28 09:58:54,000 INFO scheduler Scheduled Job Start: frappe.email.queue.flush for site1.local
2021-10-28 09:58:54,189 INFO scheduler Scheduled Job Complete: frappe.email.queue.flush for site1.local
2021-10-28 09:59:51,006 DEBUG scheduler Queued events for site site1.local
2021-10-28 10:00:51,337 INFO scheduler Scheduled Job Start: erpnext.utilities.doctype.video.video.update_youtube_data for site1.local
2021-10-28 10:00:51,356 DEBUG scheduler Queued events for site site1.local
2021-10-28 10:00:52,146 INFO scheduler Scheduled Job Complete: erpnext.utilities.doctype.video.video.update_youtube_data for site1.local
2021-10-28 10:00:52,245 INFO scheduler Scheduled Job Start: frappe.twofactor.delete_all_barcodes_for_users for site1.local
2021-10-28 10:00:52,550 INFO scheduler Scheduled Job Complete: frappe.twofactor.delete_all_barcodes_for_users for site1.local
2021-10-28 10:00:52,649 INFO scheduler Scheduled Job Start: frappe.website.doctype.web_page.web_page.check_publish_status for site1.local
2021-10-28 10:00:52,988 INFO scheduler Scheduled Job Complete: frappe.website.doctype.web_page.web_page.check_publish_status for site1.local
2021-10-28 10:00:53,103 INFO scheduler Scheduled Job Start: frappe.oauth.delete_oauth2_data for site1.local
2021-10-28 10:00:53,461 INFO scheduler Scheduled Job Complete: frappe.oauth.delete_oauth2_data for site1.local
2021-10-28 10:01:51,747 DEBUG scheduler Queued events for site site1.local
2021-10-28 10:02:52,071 INFO scheduler Scheduled Job Start: erpnext.crm.doctype.social_media_post.social_media_post.process_scheduled_social_media_posts for site1.local
2021-10-28 10:02:52,120 DEBUG scheduler Queued events for site site1.local
2021-10-28 10:02:52,337 INFO scheduler Scheduled Job Complete: erpnext.crm.doctype.social_media_post.social_media_post.process_scheduled_social_media_posts for site1.local
2021-10-28 10:02:52,478 INFO scheduler Scheduled Job Start: erpnext.healthcare.doctype.patient_appointment.patient_appointment.send_appointment_reminder for site1.local
2021-10-28 10:02:52,611 INFO scheduler Scheduled Job Complete: erpnext.healthcare.doctype.patient_appointment.patient_appointment.send_appointment_reminder for site1.local
2021-10-28 10:02:52,708 INFO scheduler Scheduled Job Start: erpnext.projects.doctype.project.project.project_status_update_reminder for site1.local
2021-10-28 10:02:52,998 INFO scheduler Scheduled Job Complete: erpnext.projects.doctype.project.project.project_status_update_reminder for site1.local
2021-10-28 10:02:53,093 INFO scheduler Scheduled Job Start: frappe.monitor.flush for site1.local
2021-10-28 10:02:53,183 INFO scheduler Scheduled Job Complete: frappe.monitor.flush for site1.local
2021-10-28 10:02:53,281 INFO scheduler Scheduled Job Start: frappe.utils.global_search.sync_global_search for site1.local
2021-10-28 10:02:53,379 INFO scheduler Scheduled Job Complete: frappe.utils.global_search.sync_global_search for site1.local
2021-10-28 10:02:53,482 INFO scheduler Scheduled Job Start: frappe.integrations.doctype.razorpay_settings.razorpay_settings.capture_payment for site1.local
2021-10-28 10:02:53,833 INFO scheduler Scheduled Job Complete: frappe.integrations.doctype.razorpay_settings.razorpay_settings.capture_payment for site1.local
2021-10-28 10:02:53,938 INFO scheduler Scheduled Job Start: frappe.email.doctype.email_account.email_account.notify_unreplied for site1.local
2021-10-28 10:02:54,159 INFO scheduler Scheduled Job Complete: frappe.email.doctype.email_account.email_account.notify_unreplied for site1.local
2021-10-28 10:02:54,247 INFO scheduler Scheduled Job Start: frappe.email.doctype.email_account.email_account.pull for site1.local
2021-10-28 10:02:54,505 INFO scheduler Scheduled Job Complete: frappe.email.doctype.email_account.email_account.pull for site1.local
2021-10-28 10:02:54,638 INFO scheduler Scheduled Job Start: frappe.email.queue.flush for site1.local
2021-10-28 10:02:54,829 INFO scheduler Scheduled Job Complete: frappe.email.queue.flush for site1.local
2021-10-28 10:03:52,398 DEBUG scheduler Queued events for site site1.local
2021-10-28 10:04:52,695 DEBUG scheduler Queued events for site site1.local
2021-10-28 10:05:52,964 DEBUG scheduler Queued events for site site1.local
2021-10-28 10:06:53,295 INFO scheduler Scheduled Job Start: erpnext.crm.doctype.social_media_post.social_media_post.process_scheduled_social_media_posts for site1.local
2021-10-28 10:06:53,350 DEBUG scheduler Queued events for site site1.local
2021-10-28 10:06:53,536 INFO scheduler Scheduled Job Complete: erpnext.crm.doctype.social_media_post.social_media_post.process_scheduled_social_media_posts for site1.local
2021-10-28 10:06:53,635 INFO scheduler Scheduled Job Start: erpnext.healthcare.doctype.patient_appointment.patient_appointment.send_appointment_reminder for site1.local
2021-10-28 10:06:53,742 INFO scheduler Scheduled Job Complete: erpnext.healthcare.doctype.patient_appointment.patient_appointment.send_appointment_reminder for site1.local
2021-10-28 10:06:53,834 INFO scheduler Scheduled Job Start: erpnext.projects.doctype.project.project.project_status_update_reminder for site1.local
2021-10-28 10:06:54,145 INFO scheduler Scheduled Job Complete: erpnext.projects.doctype.project.project.project_status_update_reminder for site1.local
2021-10-28 10:06:54,236 INFO scheduler Scheduled Job Start: frappe.monitor.flush for site1.local
2021-10-28 10:06:54,349 INFO scheduler Scheduled Job Complete: frappe.monitor.flush for site1.local
2021-10-28 10:06:54,431 INFO scheduler Scheduled Job Start: frappe.utils.global_search.sync_global_search for site1.local
2021-10-28 10:06:54,524 INFO scheduler Scheduled Job Complete: frappe.utils.global_search.sync_global_search for site1.local
2021-10-28 10:06:54,615 INFO scheduler Scheduled Job Start: frappe.integrations.doctype.razorpay_settings.razorpay_settings.capture_payment for site1.local
2021-10-28 10:06:54,922 INFO scheduler Scheduled Job Complete: frappe.integrations.doctype.razorpay_settings.razorpay_settings.capture_payment for site1.local
2021-10-28 10:06:55,012 INFO scheduler Scheduled Job Start: frappe.email.doctype.email_account.email_account.notify_unreplied for site1.local
2021-10-28 10:06:55,291 INFO scheduler Scheduled Job Complete: frappe.email.doctype.email_account.email_account.notify_unreplied for site1.local
2021-10-28 10:06:55,413 INFO scheduler Scheduled Job Start: frappe.email.doctype.email_account.email_account.pull for site1.local
2021-10-28 10:06:55,701 INFO scheduler Scheduled Job Complete: frappe.email.doctype.email_account.email_account.pull for site1.local
2021-10-28 10:06:55,819 INFO scheduler Scheduled Job Start: frappe.email.queue.flush for site1.local
2021-10-28 10:06:56,033 INFO scheduler Scheduled Job Complete: frappe.email.queue.flush for site1.local
2021-10-28 10:07:53,653 DEBUG scheduler Queued events for site site1.local
2021-10-28 10:08:53,919 DEBUG scheduler Queued events for site site1.local
2021-10-28 10:09:54,166 DEBUG scheduler Queued events for site site1.local
2021-10-28 10:10:54,432 INFO scheduler Scheduled Job Start: erpnext.crm.doctype.social_media_post.social_media_post.process_scheduled_social_media_posts for site1.local
2021-10-28 10:10:54,524 DEBUG scheduler Queued events for site site1.local
2021-10-28 10:10:54,658 INFO scheduler Scheduled Job Complete: erpnext.crm.doctype.social_media_post.social_media_post.process_scheduled_social_media_posts for site1.local
2021-10-28 10:10:54,766 INFO scheduler Scheduled Job Start: erpnext.healthcare.doctype.patient_appointment.patient_appointment.send_appointment_reminder for site1.local
2021-10-28 10:10:54,885 INFO scheduler Scheduled Job Complete: erpnext.healthcare.doctype.patient_appointment.patient_appointment.send_appointment_reminder for site1.local
2021-10-28 10:10:54,979 INFO scheduler Scheduled Job Start: erpnext.projects.doctype.project.project.project_status_update_reminder for site1.local
2021-10-28 10:10:55,325 INFO scheduler Scheduled Job Complete: erpnext.projects.doctype.project.project.project_status_update_reminder for site1.local
2021-10-28 10:10:55,453 INFO scheduler Scheduled Job Start: frappe.monitor.flush for site1.local
2021-10-28 10:10:55,547 INFO scheduler Scheduled Job Complete: frappe.monitor.flush for site1.local
2021-10-28 10:10:55,658 INFO scheduler Scheduled Job Start: frappe.utils.global_search.sync_global_search for site1.local
2021-10-28 10:10:55,756 INFO scheduler Scheduled Job Complete: frappe.utils.global_search.sync_global_search for site1.local
2021-10-28 10:10:55,849 INFO scheduler Scheduled Job Start: frappe.integrations.doctype.razorpay_settings.razorpay_settings.capture_payment for site1.local
2021-10-28 10:10:56,189 INFO scheduler Scheduled Job Complete: frappe.integrations.doctype.razorpay_settings.razorpay_settings.capture_payment for site1.local
2021-10-28 10:10:56,302 INFO scheduler Scheduled Job Start: frappe.email.doctype.email_account.email_account.notify_unreplied for site1.local
2021-10-28 10:10:56,539 INFO scheduler Scheduled Job Complete: frappe.email.doctype.email_account.email_account.notify_unreplied for site1.local
2021-10-28 10:10:56,635 INFO scheduler Scheduled Job Start: frappe.email.doctype.email_account.email_account.pull for site1.local
2021-10-28 10:10:56,868 INFO scheduler Scheduled Job Complete: frappe.email.doctype.email_account.email_account.pull for site1.local
2021-10-28 10:10:56,973 INFO scheduler Scheduled Job Start: frappe.email.queue.flush for site1.local
2021-10-28 10:10:57,157 INFO scheduler Scheduled Job Complete: frappe.email.queue.flush for site1.local
2021-10-28 10:11:54,792 DEBUG scheduler Queued events for site site1.local
2021-10-28 10:12:55,045 DEBUG scheduler Queued events for site site1.local
